[0.522s] Invoking command in '/home/francesco/Desktop/tirocinio/ros2_ws/src/isaac_arm_ml_control': PYTHONPATH=/home/francesco/Desktop/tirocinio/ros2_ws/build/isaac_arm_ml_control/prefix_override:/usr/lib/python3/dist-packages/colcon_core/task/python/colcon_distutils_commands:/home/francesco/Desktop/tirocinio/ros2_ws/install/isaac_arm_ml_control/lib/python3.10/site-packages:${PYTHONPATH} /usr/bin/python3 -W ignore:setup.py install is deprecated -W ignore:easy_install command is deprecated setup.py egg_info --egg-base ../../build/isaac_arm_ml_control build --build-base /home/francesco/Desktop/tirocinio/ros2_ws/build/isaac_arm_ml_control/build install --record /home/francesco/Desktop/tirocinio/ros2_ws/build/isaac_arm_ml_control/install.log --single-version-externally-managed install_data
[0.696s] running egg_info
[0.696s] writing ../../build/isaac_arm_ml_control/isaac_arm_ml_control.egg-info/PKG-INFO
[0.696s] writing dependency_links to ../../build/isaac_arm_ml_control/isaac_arm_ml_control.egg-info/dependency_links.txt
[0.697s] writing entry points to ../../build/isaac_arm_ml_control/isaac_arm_ml_control.egg-info/entry_points.txt
[0.697s] writing requirements to ../../build/isaac_arm_ml_control/isaac_arm_ml_control.egg-info/requires.txt
[0.697s] writing top-level names to ../../build/isaac_arm_ml_control/isaac_arm_ml_control.egg-info/top_level.txt
[0.698s] reading manifest file '../../build/isaac_arm_ml_control/isaac_arm_ml_control.egg-info/SOURCES.txt'
[0.699s] adding license file 'LICENSE'
[0.699s] writing manifest file '../../build/isaac_arm_ml_control/isaac_arm_ml_control.egg-info/SOURCES.txt'
[0.699s] running build
[0.699s] running build_py
[0.699s] copying isaac_arm_ml_control/panda_mlnode.py -> /home/francesco/Desktop/tirocinio/ros2_ws/build/isaac_arm_ml_control/build/lib/isaac_arm_ml_control
[0.701s] running install
[0.701s] running install_lib
[0.702s] copying /home/francesco/Desktop/tirocinio/ros2_ws/build/isaac_arm_ml_control/build/lib/isaac_arm_ml_control/panda_mlnode.py -> /home/francesco/Desktop/tirocinio/ros2_ws/install/isaac_arm_ml_control/lib/python3.10/site-packages/isaac_arm_ml_control
[0.702s] byte-compiling /home/francesco/Desktop/tirocinio/ros2_ws/install/isaac_arm_ml_control/lib/python3.10/site-packages/isaac_arm_ml_control/panda_mlnode.py to panda_mlnode.cpython-310.pyc
[0.703s] running install_data
[0.703s] running install_egg_info
[0.704s] removing '/home/francesco/Desktop/tirocinio/ros2_ws/install/isaac_arm_ml_control/lib/python3.10/site-packages/isaac_arm_ml_control-0.0.0-py3.10.egg-info' (and everything under it)
[0.704s] Copying ../../build/isaac_arm_ml_control/isaac_arm_ml_control.egg-info to /home/francesco/Desktop/tirocinio/ros2_ws/install/isaac_arm_ml_control/lib/python3.10/site-packages/isaac_arm_ml_control-0.0.0-py3.10.egg-info
[0.705s] running install_scripts
[0.720s] Installing publisher_ml script to /home/francesco/Desktop/tirocinio/ros2_ws/install/isaac_arm_ml_control/lib/isaac_arm_ml_control
[0.720s] Installing publisher_test script to /home/francesco/Desktop/tirocinio/ros2_ws/install/isaac_arm_ml_control/lib/isaac_arm_ml_control
[0.720s] writing list of installed files to '/home/francesco/Desktop/tirocinio/ros2_ws/build/isaac_arm_ml_control/install.log'
[0.737s] Invoked command in '/home/francesco/Desktop/tirocinio/ros2_ws/src/isaac_arm_ml_control' returned '0': PYTHONPATH=/home/francesco/Desktop/tirocinio/ros2_ws/build/isaac_arm_ml_control/prefix_override:/usr/lib/python3/dist-packages/colcon_core/task/python/colcon_distutils_commands:/home/francesco/Desktop/tirocinio/ros2_ws/install/isaac_arm_ml_control/lib/python3.10/site-packages:${PYTHONPATH} /usr/bin/python3 -W ignore:setup.py install is deprecated -W ignore:easy_install command is deprecated setup.py egg_info --egg-base ../../build/isaac_arm_ml_control build --build-base /home/francesco/Desktop/tirocinio/ros2_ws/build/isaac_arm_ml_control/build install --record /home/francesco/Desktop/tirocinio/ros2_ws/build/isaac_arm_ml_control/install.log --single-version-externally-managed install_data
