[0.478s] Invoking command in '/home/francesco/Desktop/tirocinio/ros2_ws/src/isaac_arm_ml_control': PYTHONPATH=/home/francesco/Desktop/tirocinio/ros2_ws/build/isaac_arm_ml_control/prefix_override:/usr/lib/python3/dist-packages/colcon_core/task/python/colcon_distutils_commands:/home/francesco/Desktop/tirocinio/ros2_ws/install/isaac_arm_ml_control/lib/python3.10/site-packages:${PYTHONPATH} /usr/bin/python3 -W ignore:setup.py install is deprecated -W ignore:easy_install command is deprecated setup.py egg_info --egg-base ../../build/isaac_arm_ml_control build --build-base /home/francesco/Desktop/tirocinio/ros2_ws/build/isaac_arm_ml_control/build install --record /home/francesco/Desktop/tirocinio/ros2_ws/build/isaac_arm_ml_control/install.log --single-version-externally-managed install_data
[0.671s] running egg_info
[0.672s] writing ../../build/isaac_arm_ml_control/isaac_arm_ml_control.egg-info/PKG-INFO
[0.672s] writing dependency_links to ../../build/isaac_arm_ml_control/isaac_arm_ml_control.egg-info/dependency_links.txt
[0.672s] writing entry points to ../../build/isaac_arm_ml_control/isaac_arm_ml_control.egg-info/entry_points.txt
[0.672s] writing requirements to ../../build/isaac_arm_ml_control/isaac_arm_ml_control.egg-info/requires.txt
[0.672s] writing top-level names to ../../build/isaac_arm_ml_control/isaac_arm_ml_control.egg-info/top_level.txt
[0.674s] reading manifest file '../../build/isaac_arm_ml_control/isaac_arm_ml_control.egg-info/SOURCES.txt'
[0.675s] adding license file 'LICENSE'
[0.676s] writing manifest file '../../build/isaac_arm_ml_control/isaac_arm_ml_control.egg-info/SOURCES.txt'
[0.676s] running build
[0.676s] running build_py
[0.676s] copying isaac_arm_ml_control/iiwa_mlnode.py -> /home/francesco/Desktop/tirocinio/ros2_ws/build/isaac_arm_ml_control/build/lib/isaac_arm_ml_control
[0.676s] running install
[0.677s] running install_lib
[0.677s] copying /home/francesco/Desktop/tirocinio/ros2_ws/build/isaac_arm_ml_control/build/lib/isaac_arm_ml_control/iiwa_mlnode.py -> /home/francesco/Desktop/tirocinio/ros2_ws/install/isaac_arm_ml_control/lib/python3.10/site-packages/isaac_arm_ml_control
[0.678s] byte-compiling /home/francesco/Desktop/tirocinio/ros2_ws/install/isaac_arm_ml_control/lib/python3.10/site-packages/isaac_arm_ml_control/iiwa_mlnode.py to iiwa_mlnode.cpython-310.pyc
[0.679s] running install_data
[0.679s] running install_egg_info
[0.680s] removing '/home/francesco/Desktop/tirocinio/ros2_ws/install/isaac_arm_ml_control/lib/python3.10/site-packages/isaac_arm_ml_control-0.0.0-py3.10.egg-info' (and everything under it)
[0.681s] Copying ../../build/isaac_arm_ml_control/isaac_arm_ml_control.egg-info to /home/francesco/Desktop/tirocinio/ros2_ws/install/isaac_arm_ml_control/lib/python3.10/site-packages/isaac_arm_ml_control-0.0.0-py3.10.egg-info
[0.681s] running install_scripts
[0.700s] Installing iiwa_pub_ml script to /home/francesco/Desktop/tirocinio/ros2_ws/install/isaac_arm_ml_control/lib/isaac_arm_ml_control
[0.700s] Installing publisher_ml script to /home/francesco/Desktop/tirocinio/ros2_ws/install/isaac_arm_ml_control/lib/isaac_arm_ml_control
[0.700s] Installing publisher_test script to /home/francesco/Desktop/tirocinio/ros2_ws/install/isaac_arm_ml_control/lib/isaac_arm_ml_control
[0.700s] writing list of installed files to '/home/francesco/Desktop/tirocinio/ros2_ws/build/isaac_arm_ml_control/install.log'
[0.722s] Invoked command in '/home/francesco/Desktop/tirocinio/ros2_ws/src/isaac_arm_ml_control' returned '0': PYTHONPATH=/home/francesco/Desktop/tirocinio/ros2_ws/build/isaac_arm_ml_control/prefix_override:/usr/lib/python3/dist-packages/colcon_core/task/python/colcon_distutils_commands:/home/francesco/Desktop/tirocinio/ros2_ws/install/isaac_arm_ml_control/lib/python3.10/site-packages:${PYTHONPATH} /usr/bin/python3 -W ignore:setup.py install is deprecated -W ignore:easy_install command is deprecated setup.py egg_info --egg-base ../../build/isaac_arm_ml_control build --build-base /home/francesco/Desktop/tirocinio/ros2_ws/build/isaac_arm_ml_control/build install --record /home/francesco/Desktop/tirocinio/ros2_ws/build/isaac_arm_ml_control/install.log --single-version-externally-managed install_data
