running egg_info
creating ../../build/isaac_arm_ml_control/isaac_arm_ml_control.egg-info
writing ../../build/isaac_arm_ml_control/isaac_arm_ml_control.egg-info/PKG-INFO
writing dependency_links to ../../build/isaac_arm_ml_control/isaac_arm_ml_control.egg-info/dependency_links.txt
writing entry points to ../../build/isaac_arm_ml_control/isaac_arm_ml_control.egg-info/entry_points.txt
writing requirements to ../../build/isaac_arm_ml_control/isaac_arm_ml_control.egg-info/requires.txt
writing top-level names to ../../build/isaac_arm_ml_control/isaac_arm_ml_control.egg-info/top_level.txt
writing manifest file '../../build/isaac_arm_ml_control/isaac_arm_ml_control.egg-info/SOURCES.txt'
reading manifest file '../../build/isaac_arm_ml_control/isaac_arm_ml_control.egg-info/SOURCES.txt'
adding license file 'LICENSE'
writing manifest file '../../build/isaac_arm_ml_control/isaac_arm_ml_control.egg-info/SOURCES.txt'
running build
running build_py
creating /home/francesco/Desktop/tirocinio/ros2_ws/build/isaac_arm_ml_control/build
creating /home/francesco/Desktop/tirocinio/ros2_ws/build/isaac_arm_ml_control/build/lib
creating /home/francesco/Desktop/tirocinio/ros2_ws/build/isaac_arm_ml_control/build/lib/isaac_arm_ml_control
copying isaac_arm_ml_control/__init__.py -> /home/francesco/Desktop/tirocinio/ros2_ws/build/isaac_arm_ml_control/build/lib/isaac_arm_ml_control
copying isaac_arm_ml_control/publisher_test.py -> /home/francesco/Desktop/tirocinio/ros2_ws/build/isaac_arm_ml_control/build/lib/isaac_arm_ml_control
running install
running install_lib
creating /home/francesco/Desktop/tirocinio/ros2_ws/install/isaac_arm_ml_control/lib/python3.10/site-packages/isaac_arm_ml_control
copying /home/francesco/Desktop/tirocinio/ros2_ws/build/isaac_arm_ml_control/build/lib/isaac_arm_ml_control/__init__.py -> /home/francesco/Desktop/tirocinio/ros2_ws/install/isaac_arm_ml_control/lib/python3.10/site-packages/isaac_arm_ml_control
copying /home/francesco/Desktop/tirocinio/ros2_ws/build/isaac_arm_ml_control/build/lib/isaac_arm_ml_control/publisher_test.py -> /home/francesco/Desktop/tirocinio/ros2_ws/install/isaac_arm_ml_control/lib/python3.10/site-packages/isaac_arm_ml_control
byte-compiling /home/francesco/Desktop/tirocinio/ros2_ws/install/isaac_arm_ml_control/lib/python3.10/site-packages/isaac_arm_ml_control/__init__.py to __init__.cpython-310.pyc
byte-compiling /home/francesco/Desktop/tirocinio/ros2_ws/install/isaac_arm_ml_control/lib/python3.10/site-packages/isaac_arm_ml_control/publisher_test.py to publisher_test.cpython-310.pyc
running install_data
creating /home/francesco/Desktop/tirocinio/ros2_ws/install/isaac_arm_ml_control/share/ament_index
creating /home/francesco/Desktop/tirocinio/ros2_ws/install/isaac_arm_ml_control/share/ament_index/resource_index
creating /home/francesco/Desktop/tirocinio/ros2_ws/install/isaac_arm_ml_control/share/ament_index/resource_index/packages
copying resource/isaac_arm_ml_control -> /home/francesco/Desktop/tirocinio/ros2_ws/install/isaac_arm_ml_control/share/ament_index/resource_index/packages
copying package.xml -> /home/francesco/Desktop/tirocinio/ros2_ws/install/isaac_arm_ml_control/share/isaac_arm_ml_control
running install_egg_info
Copying ../../build/isaac_arm_ml_control/isaac_arm_ml_control.egg-info to /home/francesco/Desktop/tirocinio/ros2_ws/install/isaac_arm_ml_control/lib/python3.10/site-packages/isaac_arm_ml_control-0.0.0-py3.10.egg-info
running install_scripts
writing list of installed files to '/home/francesco/Desktop/tirocinio/ros2_ws/build/isaac_arm_ml_control/install.log'
